-------------------------------------------------------------------------------
Test set: com.nnk.springboot.CurvePointTest
-------------------------------------------------------------------------------
Tests run: 1, Failures: 0, Errors: 1, Skipped: 0, Time elapsed: 0.002 s <<< FAILURE! - in com.nnk.springboot.CurvePointTest
initializationError(com.nnk.springboot.CurvePointTest)  Time elapsed: 0.002 s  <<< ERROR!
java.lang.Exception: No runnable methods

