-------------------------------------------------------------------------------
Test set: com.nnk.springboot.RuleTests
-------------------------------------------------------------------------------
Tests run: 1, Failures: 0, Errors: 1, Skipped: 0, Time elapsed: 0 s <<< FAILURE! - in com.nnk.springboot.RuleTests
initializationError(com.nnk.springboot.RuleTests)  Time elapsed: 0 s  <<< ERROR!
java.lang.Exception: No runnable methods

